<?xml version="1.0" encoding="UTF-8"?>
<!-- Generated by org.testng.reporters.JUnitXMLReporter -->
<testsuite ignored="0" hostname="DESKTOP-FQAP750" failures="1" tests="1" name="Test" time="89.518" errors="0" timestamp="2023-02-18T11:06:17 IST">
  <testcase classname="io.cucumber.testng.AbstractTestNGCucumberTests" name="runScenario" time="86.163">
    <failure type="java.lang.AssertionError" message="expected [Bmw 1 Series Under 1000 for Sale Central Coast NSW | carsguide] but found [Bmw 5 Series Under 1000 for Sale Central Coast NSW | carsguide]">
      <![CDATA[java.lang.AssertionError: expected [Bmw 1 Series Under 1000 for Sale Central Coast NSW | carsguide] but found [Bmw 5 Series Under 1000 for Sale Central Coast NSW | carsguide]
at steps.SeachCarsSteps.the_page_title_should_be(SeachCarsSteps.java:75)
at âœ½.the page title should be "Bmw 5 Series Under 1000 for Sale Central Coast NSW | carsguide"(file:///D:/Sowdhama/Framework/CucumberwithPageObject/src/test/resources/features/SearchCares.feature:19)
... Removed 6 stack frames]]>
    </failure>
  </testcase> <!-- runScenario -->
</testsuite> <!-- Test -->
