<?xml version="1.0" encoding="UTF-8"?>
<testng-results ignored="0" total="1" passed="0" failed="1" skipped="0">
  <reporter-output>
  </reporter-output>
  <suite started-at="2023-02-18T11:04:47 IST" name="Suite" finished-at="2023-02-18T11:06:17 IST" duration-ms="89518">
    <groups>
      <group name="cucumber">
        <method signature="AbstractTestNGCucumberTests.runScenario(io.cucumber.testng.PickleWrapper,io.cucumber.testng.FeatureWrapper)[pri:0, instance:runner.RunCuke@4d0d9fe7]" name="runScenario" class="io.cucumber.testng.AbstractTestNGCucumberTests"/>
      </group> <!-- cucumber -->
    </groups>
    <test started-at="2023-02-18T11:04:47 IST" name="Test" finished-at="2023-02-18T11:06:17 IST" duration-ms="89518">
      <class name="runner.RunCuke">
        <test-method is-config="true" signature="setUpClass(org.testng.ITestContext)[pri:0, instance:runner.RunCuke@4d0d9fe7]" started-at="2023-02-18T11:04:47 IST" name="setUpClass" finished-at="2023-02-18T11:04:50 IST" duration-ms="2596" status="PASS">
          <params>
            <param index="0">
              <value>
                <![CDATA[org.testng.TestRunner@44b940a2]]>
              </value>
            </param>
          </params>
          <reporter-output>
          </reporter-output>
        </test-method> <!-- setUpClass -->
        <test-method signature="runScenario(io.cucumber.testng.PickleWrapper,io.cucumber.testng.FeatureWrapper)[pri:0, instance:runner.RunCuke@4d0d9fe7]" started-at="2023-02-18T11:04:50 IST" name="runScenario" description="Runs Cucumber Scenarios" data-provider="scenarios" finished-at="2023-02-18T11:06:16 IST" duration-ms="86163" status="FAIL">
          <params>
            <param index="0">
              <value>
                <![CDATA["Validate the Search Cars Page"]]>
              </value>
            </param>
            <param index="1">
              <value>
                <![CDATA["Validate the Search Cars page is working."]]>
              </value>
            </param>
          </params>
          <exception class="java.lang.AssertionError">
            <message>
              <![CDATA[expected [Bmw 1 Series Under 1000 for Sale Central Coast NSW | carsguide] but found [Bmw 5 Series Under 1000 for Sale Central Coast NSW | carsguide]]]>
            </message>
            <full-stacktrace>
              <![CDATA[java.lang.AssertionError: expected [Bmw 1 Series Under 1000 for Sale Central Coast NSW | carsguide] but found [Bmw 5 Series Under 1000 for Sale Central Coast NSW | carsguide]
at org.testng.Assert.fail(Assert.java:110)
at org.testng.Assert.failNotEquals(Assert.java:1413)
at org.testng.Assert.assertEqualsImpl(Assert.java:149)
at org.testng.Assert.assertEquals(Assert.java:131)
at org.testng.Assert.assertEquals(Assert.java:655)
at org.testng.Assert.assertEquals(Assert.java:665)
at steps.SeachCarsSteps.the_page_title_should_be(SeachCarsSteps.java:75)
at âœ½.the page title should be "Bmw 5 Series Under 1000 for Sale Central Coast NSW | carsguide"(file:///D:/Sowdhama/Framework/CucumberwithPageObject/src/test/resources/features/SearchCares.feature:19)
]]>
            </full-stacktrace>
          </exception> <!-- java.lang.AssertionError -->
          <reporter-output>
          </reporter-output>
        </test-method> <!-- runScenario -->
        <test-method is-config="true" signature="tearDownClass()[pri:0, instance:runner.RunCuke@4d0d9fe7]" started-at="2023-02-18T11:06:16 IST" name="tearDownClass" finished-at="2023-02-18T11:06:17 IST" duration-ms="570" status="PASS">
          <reporter-output>
          </reporter-output>
        </test-method> <!-- tearDownClass -->
      </class> <!-- runner.RunCuke -->
    </test> <!-- Test -->
  </suite> <!-- Suite -->
</testng-results>
