<?xml version="1.0" encoding="UTF-8"?>
<!-- Generated by org.testng.reporters.JUnitReportReporter -->
<testsuite hostname="DESKTOP-FQAP750" failures="1" tests="1" name="runner.RunCuke" time="86.163" errors="0" timestamp="2023-02-18T11:06:17 IST" skipped="0">
  <testcase classname="runner.RunCuke" name="runScenario" time="86.163">
    <failure message="expected [Bmw 1 Series Under 1000 for Sale Central Coast NSW | carsguide] but found [Bmw 5 Series Under 1000 for Sale Central Coast NSW | carsguide]" type="java.lang.AssertionError">
      <![CDATA[java.lang.AssertionError: expected [Bmw 1 Series Under 1000 for Sale Central Coast NSW | carsguide] but found [Bmw 5 Series Under 1000 for Sale Central Coast NSW | carsguide]
at org.testng.Assert.fail(Assert.java:110)
at org.testng.Assert.failNotEquals(Assert.java:1413)
at org.testng.Assert.assertEqualsImpl(Assert.java:149)
at org.testng.Assert.assertEquals(Assert.java:131)
at org.testng.Assert.assertEquals(Assert.java:655)
at org.testng.Assert.assertEquals(Assert.java:665)
at steps.SeachCarsSteps.the_page_title_should_be(SeachCarsSteps.java:75)
at âœ½.the page title should be "Bmw 5 Series Under 1000 for Sale Central Coast NSW | carsguide"(file:///D:/Sowdhama/Framework/CucumberwithPageObject/src/test/resources/features/SearchCares.feature:19)
]]>
    </failure>
  </testcase> <!-- runScenario -->
  <system-out/>
</testsuite> <!-- runner.RunCuke -->
